FunFit-master/FunFit/app/build/intermediates/manifest_merge_blame_file/debug/manifest-merger-blame-debug-report.txt
1<?xml version="1.0" encoding="utf-8"?>
2<manifest xmlns:android="http://schemas.android.com/apk/res/android"
3    package="com.example.funfit"
4    android:versionCode="1"
5    android:versionName="1.0" >
6
7    <uses-sdk
8        android:minSdkVersion="26"
8-->src\main\AndroidManifest.xml
9        android:targetSdkVersion="29" />
9-->src\main\AndroidManifest.xml
10
11    <uses-feature android:name="android.hardware.sensor.stepcounter" />
11-->src\main\AndroidManifest.xml:5:5-72
11-->src\main\AndroidManifest.xml:5:19-69
12
13    <uses-permission android:name="android.permission.ACTIVITY_RECOGNITION" />
13-->src\main\AndroidManifest.xml:6:5-79
13-->src\main\AndroidManifest.xml:6:22-76
14    <uses-permission android:name="android.permission.RECEIVE_BOOT_COMPLETED" />
14-->src\main\AndroidManifest.xml:7:5-81
14-->src\main\AndroidManifest.xml:7:22-78
15    <uses-permission android:name="android.permission.FOREGROUND_SERVICE" />
15-->src\main\AndroidManifest.xml:8:5-77
15-->src\main\AndroidManifest.xml:8:22-74
16
17    <application
17-->src\main\AndroidManifest.xml:10:5-43:19
18        android:allowBackup="true"
18-->src\main\AndroidManifest.xml:11:9-35
19        android:appComponentFactory="androidx.core.app.CoreComponentFactory"
19-->[androidx.core:core:1.1.0] AndroidManifest.xml:24:18-86
20        android:backupAgent="com.example.funfit.FunFitBackupAgent"
20-->src\main\AndroidManifest.xml:17:9-49
21        android:debuggable="true"
22        android:icon="@mipmap/ic_launcher"
22-->src\main\AndroidManifest.xml:12:9-43
23        android:label="@string/app_name"
23-->src\main\AndroidManifest.xml:13:9-41
24        android:restoreAnyVersion="true"
24-->src\main\AndroidManifest.xml:18:9-41
25        android:roundIcon="@mipmap/ic_launcher_round"
25-->src\main\AndroidManifest.xml:14:9-54
26        android:supportsRtl="true"
26-->src\main\AndroidManifest.xml:15:9-35
27        android:theme="@style/AppTheme" >
27-->src\main\AndroidManifest.xml:16:9-40
28        <meta-data
28-->src\main\AndroidManifest.xml:19:9-20:82
29            android:name="com.google.android.backup.api_key"
29-->src\main\AndroidManifest.xml:19:20-68
30            android:value="AEdPqrEAAAAIrxwDQw3R5gdYvN4ilG14i35ViQVxXT4MfOgQzg" />
30-->src\main\AndroidManifest.xml:20:13-79
31
32        <activity android:name="com.example.funfit.MainActivity" >
32-->src\main\AndroidManifest.xml:21:9-27:20
32-->src\main\AndroidManifest.xml:21:19-47
33            <intent-filter>
33-->src\main\AndroidManifest.xml:22:13-26:29
34                <action android:name="android.intent.action.MAIN" />
34-->src\main\AndroidManifest.xml:23:17-69
34-->src\main\AndroidManifest.xml:23:25-66
35
36                <category android:name="android.intent.category.LAUNCHER" />
36-->src\main\AndroidManifest.xml:25:17-77
36-->src\main\AndroidManifest.xml:25:27-74
37            </intent-filter>
38        </activity>
39
40        <receiver android:name="com.example.funfit.FunFitBroadcastReceiver" >
40-->src\main\AndroidManifest.xml:28:9-32:20
40-->src\main\AndroidManifest.xml:28:19-58
41            <intent-filter>
41-->src\main\AndroidManifest.xml:29:13-31:29
42                <action android:name="android.intent.action.BOOT_COMPLETED" />
42-->src\main\AndroidManifest.xml:30:17-86
42-->src\main\AndroidManifest.xml:30:25-76
43            </intent-filter>
44        </receiver>
45        <receiver android:name="com.example.funfit.ShutdownReceiver" >
45-->src\main\AndroidManifest.xml:33:9-38:20
45-->src\main\AndroidManifest.xml:33:19-51
46            <intent-filter>
46-->src\main\AndroidManifest.xml:34:13-37:29
47                <action android:name="android.intent.action.ACTION_SHUTDOWN" />
47-->src\main\AndroidManifest.xml:35:17-80
47-->src\main\AndroidManifest.xml:35:25-77
48                <action android:name="android.intent.action.QUICKBOOT_POWEROFF" />
48-->src\main\AndroidManifest.xml:36:17-83
48-->src\main\AndroidManifest.xml:36:25-80
49            </intent-filter>
50        </receiver>
51
52        <service android:name="com.example.funfit.StepCounterService" />
52-->src\main\AndroidManifest.xml:40:9-41:49
52-->src\main\AndroidManifest.xml:41:13-47
53    </application>
54
55</manifest>